Server avviato su http://0.0.0.0:3000
Server avviato su http://0.0.0.0:3000
OWNER query - contest_id: 407, user: 66, event_unit: 1
OPPONENT query - contest_id: 407, user: 65, event_unit: 1
OWNER query - contest_id: 407, user: 66, event_unit: 1
OPPONENT query - contest_id: 407, user: 65, event_unit: 1
Totale atleti attivi trovati: 171
Esempio di aep_id nei primi 5 atleti:
Atleta 1: Parolin P., aep_id: 1, athlete_id: 1
Atleta 2: Zuppi M.M., aep_id: 2, athlete_id: 2
Atleta 3: Pizzaballa P., aep_id: 3, athlete_id: 3
Atleta 4: Tagle L.A., aep_id: 4, athlete_id: 4
Atleta 5: Hollerich J.C., aep_id: 5, athlete_id: 5
Atleti senza aep_id: 0 su 171 (0.00%)
OWNER query - contest_id: 407, user: 66, event_unit: 1
OPPONENT query - contest_id: 407, user: 65, event_unit: 1
OWNER query - contest_id: 407, user: 66, event_unit: 1
OPPONENT query - contest_id: 407, user: 65, event_unit: 1
OWNER query - contest_id: 408, user: 65, event_unit: 1
OPPONENT query - contest_id: 408, user: 66, event_unit: 1
OWNER query - contest_id: 408, user: 65, event_unit: 1
OPPONENT query - contest_id: 408, user: 66, event_unit: 1
Totale atleti attivi trovati: 171
Esempio di aep_id nei primi 5 atleti:
Atleta 1: Parolin P., aep_id: 1, athlete_id: 1
Atleta 2: Zuppi M.M., aep_id: 2, athlete_id: 2
Atleta 3: Pizzaballa P., aep_id: 3, athlete_id: 3
Atleta 4: Tagle L.A., aep_id: 4, athlete_id: 4
Atleta 5: Hollerich J.C., aep_id: 5, athlete_id: 5
Atleti senza aep_id: 0 su 171 (0.00%)
OWNER query - contest_id: 408, user: 65, event_unit: 1
OPPONENT query - contest_id: 408, user: 66, event_unit: 1
OWNER query - contest_id: 408, user: 65, event_unit: 1
OPPONENT query - contest_id: 408, user: 66, event_unit: 1
OWNER query - contest_id: 409, user: 65, event_unit: 1
OPPONENT query - contest_id: 409, user: 60, event_unit: 1
OWNER query - contest_id: 409, user: 65, event_unit: 1
OPPONENT query - contest_id: 409, user: 60, event_unit: 1
Server avviato su http://0.0.0.0:3000
Server avviato su http://0.0.0.0:3000
Server avviato su http://0.0.0.0:3000
OWNER query - contest_id: 410, user: 67, event_unit: 1
OPPONENT query - contest_id: 410, user: 66, event_unit: 1
OWNER query - contest_id: 410, user: 67, event_unit: 1
OPPONENT query - contest_id: 410, user: 66, event_unit: 1
Totale atleti attivi trovati: 171
Esempio di aep_id nei primi 5 atleti:
Atleta 1: Parolin P., aep_id: 1, athlete_id: 1
Atleta 2: Zuppi M.M., aep_id: 2, athlete_id: 2
Atleta 3: Pizzaballa P., aep_id: 3, athlete_id: 3
Atleta 4: Tagle L.A., aep_id: 4, athlete_id: 4
Atleta 5: Hollerich J.C., aep_id: 5, athlete_id: 5
Atleti senza aep_id: 0 su 171 (0.00%)
OWNER query - contest_id: 410, user: 67, event_unit: 1
OPPONENT query - contest_id: 410, user: 66, event_unit: 1
OWNER query - contest_id: 410, user: 67, event_unit: 1
OPPONENT query - contest_id: 410, user: 66, event_unit: 1
OWNER query - contest_id: 411, user: 59, event_unit: 1
OPPONENT query - contest_id: 411, user: 56, event_unit: 1
OWNER query - contest_id: 411, user: 59, event_unit: 1
OPPONENT query - contest_id: 411, user: 56, event_unit: 1
Totale atleti attivi trovati: 171
Esempio di aep_id nei primi 5 atleti:
Atleta 1: Parolin P., aep_id: 1, athlete_id: 1
Atleta 2: Zuppi M.M., aep_id: 2, athlete_id: 2
Atleta 3: Pizzaballa P., aep_id: 3, athlete_id: 3
Atleta 4: Tagle L.A., aep_id: 4, athlete_id: 4
Atleta 5: Hollerich J.C., aep_id: 5, athlete_id: 5
Atleti senza aep_id: 0 su 171 (0.00%)
OWNER query - contest_id: 411, user: 59, event_unit: 1
OPPONENT query - contest_id: 411, user: 56, event_unit: 1
OWNER query - contest_id: 411, user: 59, event_unit: 1
OPPONENT query - contest_id: 411, user: 56, event_unit: 1
Server avviato su http://0.0.0.0:3000
OWNER query - contest_id: 410, user: 59, event_unit: 1
OPPONENT query - contest_id: 410, user: 60, event_unit: 1
OWNER query - contest_id: 410, user: 59, event_unit: 1
OPPONENT query - contest_id: 410, user: 60, event_unit: 1
Totale atleti attivi trovati: 171
Esempio di aep_id nei primi 5 atleti:
Atleta 1: Parolin P., aep_id: 1, athlete_id: 1
Atleta 2: Zuppi M.M., aep_id: 2, athlete_id: 2
Atleta 3: Pizzaballa P., aep_id: 3, athlete_id: 3
Atleta 4: Tagle L.A., aep_id: 4, athlete_id: 4
Atleta 5: Hollerich J.C., aep_id: 5, athlete_id: 5
Atleti senza aep_id: 0 su 171 (0.00%)
OWNER query - contest_id: 410, user: 59, event_unit: 1
OPPONENT query - contest_id: 410, user: 60, event_unit: 1
OWNER query - contest_id: 410, user: 59, event_unit: 1
OPPONENT query - contest_id: 410, user: 60, event_unit: 1
OWNER query - contest_id: 406, user: 58, event_unit: 1
OPPONENT query - contest_id: 406, user: 61, event_unit: 1
OWNER query - contest_id: 411, user: 58, event_unit: 1
OPPONENT query - contest_id: 411, user: 59, event_unit: 1
OWNER query - contest_id: 411, user: 58, event_unit: 1
OPPONENT query - contest_id: 411, user: 59, event_unit: 1
Totale atleti attivi trovati: 171
Esempio di aep_id nei primi 5 atleti:
Atleta 1: Parolin P., aep_id: 1, athlete_id: 1
Atleta 2: Zuppi M.M., aep_id: 2, athlete_id: 2
Atleta 3: Pizzaballa P., aep_id: 3, athlete_id: 3
Atleta 4: Tagle L.A., aep_id: 4, athlete_id: 4
Atleta 5: Hollerich J.C., aep_id: 5, athlete_id: 5
Atleti senza aep_id: 0 su 171 (0.00%)
OWNER query - contest_id: 411, user: 58, event_unit: 1
OPPONENT query - contest_id: 411, user: 59, event_unit: 1
OWNER query - contest_id: 411, user: 58, event_unit: 1
OPPONENT query - contest_id: 411, user: 59, event_unit: 1
OWNER query - contest_id: 411, user: 58, event_unit: 1
OPPONENT query - contest_id: 411, user: 59, event_unit: 1
OWNER query - contest_id: 411, user: 58, event_unit: 1
OPPONENT query - contest_id: 411, user: 59, event_unit: 1
OWNER query - contest_id: 411, user: 58, event_unit: 1
OPPONENT query - contest_id: 411, user: 59, event_unit: 1
OWNER query - contest_id: 411, user: 58, event_unit: 1
OPPONENT query - contest_id: 411, user: 59, event_unit: 1
OWNER query - contest_id: 411, user: 58, event_unit: 1
OPPONENT query - contest_id: 411, user: 59, event_unit: 1
OWNER query - contest_id: 411, user: 58, event_unit: 1
OPPONENT query - contest_id: 411, user: 59, event_unit: 1
OWNER query - contest_id: 411, user: 58, event_unit: 1
OPPONENT query - contest_id: 411, user: 59, event_unit: 1
OWNER query - contest_id: 411, user: 58, event_unit: 1
OPPONENT query - contest_id: 411, user: 59, event_unit: 1
OWNER query - contest_id: 406, user: 58, event_unit: 1
OPPONENT query - contest_id: 406, user: 61, event_unit: 1
OWNER query - contest_id: 406, user: 58, event_unit: 1
OPPONENT query - contest_id: 406, user: 61, event_unit: 1
OWNER query - contest_id: 406, user: 58, event_unit: 1
OPPONENT query - contest_id: 406, user: 61, event_unit: 1
Server avviato su http://0.0.0.0:3000
Inserimento riuscito: ResultSetHeader {
  fieldCount: 0,
  affectedRows: 1,
  insertId: 2,
  info: '',
  serverStatus: 2,
  warningStatus: 0,
  changedRows: 0
}
Server avviato su http://0.0.0.0:3000
OWNER query - contest_id: 412, user: 59, event_unit: 1
OPPONENT query - contest_id: 412, user: 58, event_unit: 1
OWNER query - contest_id: 412, user: 59, event_unit: 1
OPPONENT query - contest_id: 412, user: 58, event_unit: 1
OWNER query - contest_id: 413, user: 59, event_unit: 1
OPPONENT query - contest_id: 413, user: 58, event_unit: 1
OWNER query - contest_id: 413, user: 59, event_unit: 1
OPPONENT query - contest_id: 413, user: 58, event_unit: 1
Server avviato su http://0.0.0.0:3000
OWNER query - contest_id: 414, user: 59, event_unit: 1
OPPONENT query - contest_id: 414, user: 57, event_unit: 1
OWNER query - contest_id: 414, user: 59, event_unit: 1
OPPONENT query - contest_id: 414, user: 57, event_unit: 1
Server avviato su http://0.0.0.0:3000
OWNER query - contest_id: 415, user: 59, event_unit: 1
OPPONENT query - contest_id: 415, user: 61, event_unit: 1
Totale atleti attivi trovati: 171
Esempio di aep_id nei primi 5 atleti:
Atleta 1: Parolin P., aep_id: 1, athlete_id: 1
Atleta 2: Zuppi M.M., aep_id: 2, athlete_id: 2
Atleta 3: Pizzaballa P., aep_id: 3, athlete_id: 3
Atleta 4: Tagle L.A., aep_id: 4, athlete_id: 4
Atleta 5: Hollerich J.C., aep_id: 5, athlete_id: 5
Atleti senza aep_id: 0 su 171 (0.00%)
OWNER query - contest_id: 415, user: 59, event_unit: 1
OPPONENT query - contest_id: 415, user: 61, event_unit: 1
OWNER query - contest_id: 415, user: 59, event_unit: 1
OPPONENT query - contest_id: 415, user: 61, event_unit: 1
游닌 Dati ricevuti dal client: {
  "contestId": 415,
  "userId": "59",
  "owner_id": "59",
  "opponent_id": "61",
  "players": [
    {
      "athleteId": 52,
      "eventUnitId": 3,
      "event_unit_cost": 1.5,
      "aep_id": 1893
    },
    {
      "athleteId": 51,
      "eventUnitId": 1,
      "event_unit_cost": 2,
      "aep_id": 1778
    },
    {
      "athleteId": 51,
      "eventUnitId": 2,
      "event_unit_cost": 2.5,
      "aep_id": 1834
    }
  ],
  "multiplier": 1,
  "totalCost": 6
}
游녻 Utente autenticato: {
  userId: 59,
  email: 'panozfc@gmail.com',
  username: 'Panoz Football Club',
  iat: 1745879550,
  exp: 1746484350
}
游닌 Dati ricevuti dal client: {
  "contestId": 415,
  "userId": "59",
  "owner_id": "59",
  "opponent_id": "61",
  "players": [
    {
      "athleteId": 52,
      "eventUnitId": 3,
      "event_unit_cost": 1.5,
      "aep_id": 1893
    },
    {
      "athleteId": 51,
      "eventUnitId": 1,
      "event_unit_cost": 2,
      "aep_id": 1778
    },
    {
      "athleteId": 51,
      "eventUnitId": 2,
      "event_unit_cost": 2.5,
      "aep_id": 1834
    }
  ],
  "multiplier": 1,
  "totalCost": 6
}
游녻 Utente autenticato: {
  userId: 59,
  email: 'panozfc@gmail.com',
  username: 'Panoz Football Club',
  iat: 1745879550,
  exp: 1746484350
}
OWNER query - contest_id: 416, user: 59, event_unit: 1
OPPONENT query - contest_id: 416, user: 60, event_unit: 1
OWNER query - contest_id: 416, user: 59, event_unit: 1
OPPONENT query - contest_id: 416, user: 60, event_unit: 1
Totale atleti attivi trovati: 171
Esempio di aep_id nei primi 5 atleti:
Atleta 1: Parolin P., aep_id: 1, athlete_id: 1
Atleta 2: Zuppi M.M., aep_id: 2, athlete_id: 2
Atleta 3: Pizzaballa P., aep_id: 3, athlete_id: 3
Atleta 4: Tagle L.A., aep_id: 4, athlete_id: 4
Atleta 5: Hollerich J.C., aep_id: 5, athlete_id: 5
Atleti senza aep_id: 0 su 171 (0.00%)
OWNER query - contest_id: 416, user: 59, event_unit: 1
OPPONENT query - contest_id: 416, user: 60, event_unit: 1
OWNER query - contest_id: 416, user: 59, event_unit: 1
OPPONENT query - contest_id: 416, user: 60, event_unit: 1
游닌 Dati ricevuti dal client: {
  "contestId": 416,
  "userId": "59",
  "owner_id": "59",
  "opponent_id": "60",
  "players": [
    {
      "athleteId": 52,
      "eventUnitId": 3,
      "event_unit_cost": 1.5,
      "aep_id": 1893
    }
  ],
  "multiplier": 5,
  "totalCost": 1.5
}
游녻 Utente autenticato: {
  userId: 59,
  email: 'panozfc@gmail.com',
  username: 'Panoz Football Club',
  iat: 1745879550,
  exp: 1746484350
}
Server avviato su http://0.0.0.0:3000
OWNER query - contest_id: 406, user: 58, event_unit: 1
OPPONENT query - contest_id: 406, user: 61, event_unit: 1
OWNER query - contest_id: 417, user: 59, event_unit: 1
OPPONENT query - contest_id: 417, user: 60, event_unit: 1
OWNER query - contest_id: 417, user: 59, event_unit: 1
OPPONENT query - contest_id: 417, user: 60, event_unit: 1
Totale atleti attivi trovati: 171
Esempio di aep_id nei primi 5 atleti:
Atleta 1: Parolin P., aep_id: 1, athlete_id: 1
Atleta 2: Zuppi M.M., aep_id: 2, athlete_id: 2
Atleta 3: Pizzaballa P., aep_id: 3, athlete_id: 3
Atleta 4: Tagle L.A., aep_id: 4, athlete_id: 4
Atleta 5: Hollerich J.C., aep_id: 5, athlete_id: 5
Atleti senza aep_id: 0 su 171 (0.00%)
OWNER query - contest_id: 417, user: 59, event_unit: 1
OPPONENT query - contest_id: 417, user: 60, event_unit: 1
OWNER query - contest_id: 417, user: 59, event_unit: 1
OPPONENT query - contest_id: 417, user: 60, event_unit: 1
游닌 Dati ricevuti dal client: {
  "contestId": 417,
  "userId": "59",
  "owner_id": "59",
  "opponent_id": "60",
  "players": [
    {
      "athleteId": 51,
      "eventUnitId": 1,
      "event_unit_cost": 2,
      "aep_id": 1778
    },
    {
      "athleteId": 52,
      "eventUnitId": 2,
      "event_unit_cost": 2,
      "aep_id": 1835
    }
  ],
  "multiplier": 10,
  "totalCost": 4
}
游녻 Utente autenticato: {
  userId: 59,
  email: 'panozfc@gmail.com',
  username: 'Panoz Football Club',
  iat: 1745881126,
  exp: 1746485926
}
游닌 Dati ricevuti dal client: {
  "contestId": 417,
  "userId": "59",
  "owner_id": "59",
  "opponent_id": "60",
  "players": [
    {
      "athleteId": 51,
      "eventUnitId": 1,
      "event_unit_cost": 2,
      "aep_id": 1778
    },
    {
      "athleteId": 52,
      "eventUnitId": 2,
      "event_unit_cost": 2,
      "aep_id": 1835
    }
  ],
  "multiplier": 10,
  "totalCost": 4
}
游녻 Utente autenticato: {
  userId: 59,
  email: 'panozfc@gmail.com',
  username: 'Panoz Football Club',
  iat: 1745881126,
  exp: 1746485926
}
OWNER query - contest_id: 418, user: 58, event_unit: 1
OPPONENT query - contest_id: 418, user: 60, event_unit: 1
OWNER query - contest_id: 418, user: 58, event_unit: 1
OPPONENT query - contest_id: 418, user: 60, event_unit: 1
Totale atleti attivi trovati: 171
Esempio di aep_id nei primi 5 atleti:
Atleta 1: Parolin P., aep_id: 1, athlete_id: 1
Atleta 2: Zuppi M.M., aep_id: 2, athlete_id: 2
Atleta 3: Pizzaballa P., aep_id: 3, athlete_id: 3
Atleta 4: Tagle L.A., aep_id: 4, athlete_id: 4
Atleta 5: Hollerich J.C., aep_id: 5, athlete_id: 5
Atleti senza aep_id: 0 su 171 (0.00%)
OWNER query - contest_id: 418, user: 58, event_unit: 1
OPPONENT query - contest_id: 418, user: 60, event_unit: 1
OWNER query - contest_id: 418, user: 58, event_unit: 1
OPPONENT query - contest_id: 418, user: 60, event_unit: 1
游닌 Dati ricevuti dal client: {
  "contestId": 418,
  "userId": "58",
  "owner_id": "58",
  "opponent_id": "60",
  "players": [
    {
      "athleteId": 52,
      "eventUnitId": 1,
      "event_unit_cost": 2.5,
      "aep_id": 1779
    },
    {
      "athleteId": 51,
      "eventUnitId": 1,
      "event_unit_cost": 2,
      "aep_id": 1778
    }
  ],
  "multiplier": 10,
  "totalCost": 4.5
}
游녻 Utente autenticato: {
  userId: 58,
  email: 'panoz4u@gmail.com',
  username: 'Panoz 4U',
  iat: 1745881192,
  exp: 1746485992
}
OWNER query - contest_id: 418, user: 58, event_unit: 1
OPPONENT query - contest_id: 418, user: 60, event_unit: 1
OWNER query - contest_id: 418, user: 58, event_unit: 1
OPPONENT query - contest_id: 418, user: 60, event_unit: 1
OWNER query - contest_id: 418, user: 58, event_unit: 1
OPPONENT query - contest_id: 418, user: 60, event_unit: 1
OWNER query - contest_id: 418, user: 58, event_unit: 1
OPPONENT query - contest_id: 418, user: 60, event_unit: 1
OWNER query - contest_id: 418, user: 58, event_unit: 1
OPPONENT query - contest_id: 418, user: 60, event_unit: 1
OWNER query - contest_id: 418, user: 58, event_unit: 1
OPPONENT query - contest_id: 418, user: 60, event_unit: 1
游닌 Dati ricevuti dal client: {
  "contestId": 418,
  "userId": "58",
  "owner_id": "58",
  "opponent_id": "60",
  "players": [
    {
      "athleteId": 52,
      "eventUnitId": 1,
      "event_unit_cost": 2.5,
      "aep_id": 1779
    },
    {
      "athleteId": 51,
      "eventUnitId": 1,
      "event_unit_cost": 2,
      "aep_id": 1778
    }
  ],
  "multiplier": 1,
  "totalCost": 4.5
}
游녻 Utente autenticato: {
  userId: 58,
  email: 'panoz4u@gmail.com',
  username: 'Panoz 4U',
  iat: 1745881192,
  exp: 1746485992
}
OWNER query - contest_id: 418, user: 58, event_unit: 1
OPPONENT query - contest_id: 418, user: 60, event_unit: 1
OWNER query - contest_id: 418, user: 58, event_unit: 1
OPPONENT query - contest_id: 418, user: 60, event_unit: 1
OWNER query - contest_id: 419, user: 59, event_unit: 1
OPPONENT query - contest_id: 419, user: 58, event_unit: 1
OWNER query - contest_id: 419, user: 59, event_unit: 1
OPPONENT query - contest_id: 419, user: 58, event_unit: 1
Totale atleti attivi trovati: 171
Esempio di aep_id nei primi 5 atleti:
Atleta 1: Parolin P., aep_id: 1, athlete_id: 1
Atleta 2: Zuppi M.M., aep_id: 2, athlete_id: 2
Atleta 3: Pizzaballa P., aep_id: 3, athlete_id: 3
Atleta 4: Tagle L.A., aep_id: 4, athlete_id: 4
Atleta 5: Hollerich J.C., aep_id: 5, athlete_id: 5
Atleti senza aep_id: 0 su 171 (0.00%)
OWNER query - contest_id: 419, user: 59, event_unit: 1
OPPONENT query - contest_id: 419, user: 58, event_unit: 1
OWNER query - contest_id: 419, user: 59, event_unit: 1
OPPONENT query - contest_id: 419, user: 58, event_unit: 1
游닌 Dati ricevuti dal client: {
  "contestId": 419,
  "userId": "59",
  "owner_id": "59",
  "opponent_id": "58",
  "players": [
    {
      "athleteId": 52,
      "eventUnitId": 3,
      "event_unit_cost": 1.5,
      "aep_id": 1893
    },
    {
      "athleteId": 52,
      "eventUnitId": 2,
      "event_unit_cost": 2,
      "aep_id": 1835
    }
  ],
  "multiplier": 10,
  "totalCost": 3.5
}
游녻 Utente autenticato: {
  userId: 59,
  email: 'panozfc@gmail.com',
  username: 'Panoz Football Club',
  iat: 1745881126,
  exp: 1746485926
}
Totale atleti attivi trovati: 171
Esempio di aep_id nei primi 5 atleti:
Atleta 1: Parolin P., aep_id: 1, athlete_id: 1
Atleta 2: Zuppi M.M., aep_id: 2, athlete_id: 2
Atleta 3: Pizzaballa P., aep_id: 3, athlete_id: 3
Atleta 4: Tagle L.A., aep_id: 4, athlete_id: 4
Atleta 5: Hollerich J.C., aep_id: 5, athlete_id: 5
Atleti senza aep_id: 0 su 171 (0.00%)
OWNER query - contest_id: 419, user: 59, event_unit: 1
OPPONENT query - contest_id: 419, user: 58, event_unit: 1
OWNER query - contest_id: 419, user: 59, event_unit: 1
OPPONENT query - contest_id: 419, user: 58, event_unit: 1
游닌 Dati ricevuti dal client: {
  "contestId": 419,
  "userId": "59",
  "owner_id": "59",
  "opponent_id": "58",
  "players": [
    {
      "athleteId": 52,
      "eventUnitId": 3,
      "event_unit_cost": 1.5,
      "aep_id": 1893
    },
    {
      "athleteId": 52,
      "eventUnitId": 2,
      "event_unit_cost": 2,
      "aep_id": 1835
    },
    {
      "athleteId": 51,
      "eventUnitId": 1,
      "event_unit_cost": 2,
      "aep_id": 1778
    }
  ],
  "multiplier": 1,
  "totalCost": 5.5
}
游녻 Utente autenticato: {
  userId: 59,
  email: 'panozfc@gmail.com',
  username: 'Panoz Football Club',
  iat: 1745881126,
  exp: 1746485926
}
Server avviato su http://0.0.0.0:3000
OWNER query - contest_id: 420, user: 59, event_unit: 1
OPPONENT query - contest_id: 420, user: 58, event_unit: 1
OWNER query - contest_id: 420, user: 59, event_unit: 1
OPPONENT query - contest_id: 420, user: 58, event_unit: 1
Totale atleti attivi trovati: 171
Esempio di aep_id nei primi 5 atleti:
Atleta 1: Parolin P., aep_id: 1, athlete_id: 1
Atleta 2: Zuppi M.M., aep_id: 2, athlete_id: 2
Atleta 3: Pizzaballa P., aep_id: 3, athlete_id: 3
Atleta 4: Tagle L.A., aep_id: 4, athlete_id: 4
Atleta 5: Hollerich J.C., aep_id: 5, athlete_id: 5
Atleti senza aep_id: 0 su 171 (0.00%)
OWNER query - contest_id: 420, user: 59, event_unit: 1
OPPONENT query - contest_id: 420, user: 58, event_unit: 1
OWNER query - contest_id: 420, user: 59, event_unit: 1
OPPONENT query - contest_id: 420, user: 58, event_unit: 1
游닌 Dati ricevuti dal client: {
  "contestId": 420,
  "userId": "59",
  "owner_id": "59",
  "opponent_id": "58",
  "players": [
    {
      "athleteId": 52,
      "eventUnitId": 3,
      "event_unit_cost": 1.5,
      "aep_id": 1893
    }
  ],
  "multiplier": 1,
  "totalCost": 1.5
}
游녻 Utente autenticato: {
  userId: 59,
  email: 'panozfc@gmail.com',
  username: 'Panoz Football Club',
  iat: 1745881126,
  exp: 1746485926
}
OWNER query - contest_id: 421, user: 58, event_unit: 1
OPPONENT query - contest_id: 421, user: 63, event_unit: 1
OWNER query - contest_id: 421, user: 58, event_unit: 1
OPPONENT query - contest_id: 421, user: 63, event_unit: 1
Totale atleti attivi trovati: 171
Esempio di aep_id nei primi 5 atleti:
Atleta 1: Parolin P., aep_id: 1, athlete_id: 1
Atleta 2: Zuppi M.M., aep_id: 2, athlete_id: 2
Atleta 3: Pizzaballa P., aep_id: 3, athlete_id: 3
Atleta 4: Tagle L.A., aep_id: 4, athlete_id: 4
Atleta 5: Hollerich J.C., aep_id: 5, athlete_id: 5
Atleti senza aep_id: 0 su 171 (0.00%)
OWNER query - contest_id: 421, user: 58, event_unit: 1
OPPONENT query - contest_id: 421, user: 63, event_unit: 1
OWNER query - contest_id: 421, user: 58, event_unit: 1
OPPONENT query - contest_id: 421, user: 63, event_unit: 1
游닌 Dati ricevuti dal client: {
  "contestId": 421,
  "userId": "58",
  "owner_id": "58",
  "opponent_id": "63",
  "players": [
    {
      "athleteId": 3,
      "eventUnitId": 1,
      "event_unit_cost": 2.5,
      "aep_id": 3
    },
    {
      "athleteId": 3,
      "eventUnitId": 3,
      "event_unit_cost": 4.5,
      "aep_id": 1844
    },
    {
      "athleteId": 57,
      "eventUnitId": 1,
      "event_unit_cost": 2.5,
      "aep_id": 1840
    }
  ],
  "multiplier": 5,
  "totalCost": 9.5
}
游녻 Utente autenticato: {
  userId: 58,
  email: 'panoz4u@gmail.com',
  username: 'Panoz 4U',
  iat: 1745882467,
  exp: 1746487267
}
OWNER query - contest_id: 421, user: 58, event_unit: 1
OPPONENT query - contest_id: 421, user: 63, event_unit: 1
OWNER query - contest_id: 421, user: 58, event_unit: 1
OPPONENT query - contest_id: 421, user: 63, event_unit: 1
OWNER query - contest_id: 421, user: 58, event_unit: 1
OPPONENT query - contest_id: 421, user: 63, event_unit: 1
OWNER query - contest_id: 421, user: 58, event_unit: 1
OPPONENT query - contest_id: 421, user: 63, event_unit: 1
Totale atleti attivi trovati: 171
Esempio di aep_id nei primi 5 atleti:
Atleta 1: Parolin P., aep_id: 1, athlete_id: 1
Atleta 2: Zuppi M.M., aep_id: 2, athlete_id: 2
Atleta 3: Pizzaballa P., aep_id: 3, athlete_id: 3
Atleta 4: Tagle L.A., aep_id: 4, athlete_id: 4
Atleta 5: Hollerich J.C., aep_id: 5, athlete_id: 5
Atleti senza aep_id: 0 su 171 (0.00%)
OWNER query - contest_id: 422, user: 58, event_unit: 1
OPPONENT query - contest_id: 422, user: 61, event_unit: 1
Totale atleti attivi trovati: 171
Esempio di aep_id nei primi 5 atleti:
Atleta 1: Parolin P., aep_id: 1, athlete_id: 1
Atleta 2: Zuppi M.M., aep_id: 2, athlete_id: 2
Atleta 3: Pizzaballa P., aep_id: 3, athlete_id: 3
Atleta 4: Tagle L.A., aep_id: 4, athlete_id: 4
Atleta 5: Hollerich J.C., aep_id: 5, athlete_id: 5
Atleti senza aep_id: 0 su 171 (0.00%)
OWNER query - contest_id: 422, user: 58, event_unit: 1
OPPONENT query - contest_id: 422, user: 61, event_unit: 1
OWNER query - contest_id: 422, user: 58, event_unit: 1
OPPONENT query - contest_id: 422, user: 61, event_unit: 1
游닌 Dati ricevuti dal client: {
  "contestId": 422,
  "userId": "58",
  "owner_id": "58",
  "opponent_id": "61",
  "players": [
    {
      "athleteId": 7,
      "eventUnitId": 3,
      "event_unit_cost": 1.5,
      "aep_id": 1848
    },
    {
      "athleteId": 17,
      "eventUnitId": 3,
      "event_unit_cost": 1.5,
      "aep_id": 1858
    }
  ],
  "multiplier": 1,
  "totalCost": 3
}
游녻 Utente autenticato: {
  userId: 58,
  email: 'panoz4u@gmail.com',
  username: 'Panoz 4U',
  iat: 1745882467,
  exp: 1746487267
}
OWNER query - contest_id: 421, user: 58, event_unit: 1
OPPONENT query - contest_id: 421, user: 63, event_unit: 1
OWNER query - contest_id: 421, user: 58, event_unit: 1
OPPONENT query - contest_id: 421, user: 63, event_unit: 1
游닌 Dati ricevuti dal client: {
  "contestId": 421,
  "userId": "63",
  "owner_id": 58,
  "opponent_id": 63,
  "players": [
    {
      "athleteId": 53,
      "eventUnitId": 1,
      "event_unit_cost": 3.5,
      "aep_id": 1780
    },
    {
      "athleteId": 54,
      "eventUnitId": 2,
      "event_unit_cost": 3,
      "aep_id": 1837
    },
    {
      "athleteId": 32,
      "eventUnitId": 1,
      "event_unit_cost": 1,
      "aep_id": 32
    },
    {
      "athleteId": 27,
      "eventUnitId": 2,
      "event_unit_cost": 1,
      "aep_id": 1810
    },
    {
      "athleteId": 33,
      "eventUnitId": 3,
      "event_unit_cost": 1,
      "aep_id": 1874
    }
  ],
  "multiplier": 5,
  "totalCost": 9.5
}
游녻 Utente autenticato: {
  userId: 63,
  email: 'mauriello.rosalba@libero.it',
  username: 'A. Brio',
  iat: 1745882562,
  exp: 1746487362
}
OWNER query - contest_id: 421, user: 58, event_unit: 1
OPPONENT query - contest_id: 421, user: 63, event_unit: 1
OWNER query - contest_id: 421, user: 58, event_unit: 1
OPPONENT query - contest_id: 421, user: 63, event_unit: 1
OWNER query - contest_id: 421, user: 58, event_unit: 1
OPPONENT query - contest_id: 421, user: 63, event_unit: 1
OWNER query - contest_id: 421, user: 58, event_unit: 1
OPPONENT query - contest_id: 421, user: 63, event_unit: 1
OWNER query - contest_id: 421, user: 58, event_unit: 1
OPPONENT query - contest_id: 421, user: 63, event_unit: 1
OWNER query - contest_id: 421, user: 58, event_unit: 1
OPPONENT query - contest_id: 421, user: 63, event_unit: 1
OWNER query - contest_id: 421, user: 58, event_unit: 1
OPPONENT query - contest_id: 421, user: 63, event_unit: 1
OWNER query - contest_id: 421, user: 58, event_unit: 1
OPPONENT query - contest_id: 421, user: 63, event_unit: 1
OWNER query - contest_id: 421, user: 58, event_unit: 1
OPPONENT query - contest_id: 421, user: 63, event_unit: 1
OWNER query - contest_id: 421, user: 58, event_unit: 1
OPPONENT query - contest_id: 421, user: 63, event_unit: 1
OWNER query - contest_id: 421, user: 58, event_unit: 1
OPPONENT query - contest_id: 421, user: 63, event_unit: 1
OWNER query - contest_id: 421, user: 58, event_unit: 1
OPPONENT query - contest_id: 421, user: 63, event_unit: 1
OWNER query - contest_id: 421, user: 58, event_unit: 1
OPPONENT query - contest_id: 421, user: 63, event_unit: 1
OWNER query - contest_id: 421, user: 58, event_unit: 1
OPPONENT query - contest_id: 421, user: 63, event_unit: 1
OWNER query - contest_id: 421, user: 58, event_unit: 1
OPPONENT query - contest_id: 421, user: 63, event_unit: 1
OWNER query - contest_id: 421, user: 58, event_unit: 1
OPPONENT query - contest_id: 421, user: 63, event_unit: 1
Server avviato su http://0.0.0.0:3000
